#-----------------------------------------------------------
# Vivado v2018.3 (64-bit)
# SW Build 2405991 on Thu Dec  6 23:38:27 MST 2018
# IP Build 2404404 on Fri Dec  7 01:43:56 MST 2018
# Start of session at: Fri Mar  6 16:54:29 2026
# Process ID: 1828
# Current directory: C:/Users/cmbouba/Mes_projets_pour_le_stage/IP PWM
# Command line: vivado.exe -gui_launcher_event rodinguilauncherevent15724 C:\Users\cmbouba\Mes_projets_pour_le_stage\IP PWM\IP PWM.xpr
# Log file: C:/Users/cmbouba/Mes_projets_pour_le_stage/IP PWM/vivado.log
# Journal file: C:/Users/cmbouba/Mes_projets_pour_le_stage/IP PWM\vivado.jou
#-----------------------------------------------------------
start_gui
open_project {C:/Users/cmbouba/Mes_projets_pour_le_stage/IP PWM/IP PWM.xpr}
WARNING: [Board 49-69] Validation failed for board file C:/Xilinx/Vivado/2018.3/data/boards/board_files/k24_io_dk_carrier/1.0/board.xml:
 Component Sub Type should be ddr/switch/push_button/lcd/led/ethernet/sfp/sma/mux/reset/system_reset/uart/mgt_clock/system_clock/memory_flash_qspi/memory_flash_bpi/memory/dimm/pmod/fmc_hpc/fmc_lpc/fmc_plus/pcie/fixed_io/chip for avnet-tria:k24_io_dk_carrier:som_connectors:1.0

CRITICAL WARNING: [Board 49-56] Problem parsing board file - C:/Xilinx/Vivado/2018.3/data/boards/board_files/k24_io_dk_carrier/1.0/board.xml
WARNING: [Board 49-69] Validation failed for board file C:/Xilinx/Vivado/2018.3/data/boards/board_files/k24_io_dk_som/1.0/board.xml:
 Component Sub Type should be ddr/switch/push_button/lcd/led/ethernet/sfp/sma/mux/reset/system_reset/uart/mgt_clock/system_clock/memory_flash_qspi/memory_flash_bpi/memory/dimm/pmod/fmc_hpc/fmc_lpc/fmc_plus/pcie/fixed_io/chip for avnet-tria:k24_io_dk_som:som_connectors:1.0

CRITICAL WARNING: [Board 49-56] Problem parsing board file - C:/Xilinx/Vivado/2018.3/data/boards/board_files/k24_io_dk_som/1.0/board.xml
WARNING: [Board 49-69] Validation failed for board file C:/Xilinx/Vivado/2018.3/data/boards/board_files/ve2302_io_dk_carrier/1.0/board.xml:
 Component Sub Type should be ddr/switch/push_button/lcd/led/ethernet/sfp/sma/mux/reset/system_reset/uart/mgt_clock/system_clock/memory_flash_qspi/memory_flash_bpi/memory/dimm/pmod/fmc_hpc/fmc_lpc/fmc_plus/pcie/fixed_io/chip for avnet-tria:ve2302_io_dk_carrier:jx1_connector:1.0

CRITICAL WARNING: [Board 49-56] Problem parsing board file - C:/Xilinx/Vivado/2018.3/data/boards/board_files/ve2302_io_dk_carrier/1.0/board.xml
WARNING: [Board 49-69] Validation failed for board file C:/Xilinx/Vivado/2018.3/data/boards/board_files/ve2302_io_dk_som/1.0/board.xml:
 Component Sub Type should be ddr/switch/push_button/lcd/led/ethernet/sfp/sma/mux/reset/system_reset/uart/mgt_clock/system_clock/memory_flash_qspi/memory_flash_bpi/memory/dimm/pmod/fmc_hpc/fmc_lpc/fmc_plus/pcie/fixed_io/chip for avnet-tria:ve2302_io_dk_som:jx1_connector:1.0

CRITICAL WARNING: [Board 49-56] Problem parsing board file - C:/Xilinx/Vivado/2018.3/data/boards/board_files/ve2302_io_dk_som/1.0/board.xml
WARNING: [Board 49-69] Validation failed for board file C:/Xilinx/Vivado/2018.3/data/boards/board_files/zub1cg/1.2/board.xml:
 Component Sub Type should be ddr/switch/push_button/lcd/led/ethernet/sfp/sma/mux/reset/system_reset/uart/mgt_clock/system_clock/memory_flash_qspi/memory_flash_bpi/memory/dimm/pmod/fmc_hpc/fmc_lpc/fmc_plus/pcie/fixed_io/chip for avnet-tria:zuboard_1cg:hsio_std_j6:1.2

CRITICAL WARNING: [Board 49-56] Problem parsing board file - C:/Xilinx/Vivado/2018.3/data/boards/board_files/zub1cg/1.2/board.xml
Scanning sources...
Finished scanning sources
INFO: [IP_Flow 19-234] Refreshing IP repositories
INFO: [IP_Flow 19-1704] No user IP repositories specified
INFO: [IP_Flow 19-2313] Loaded Vivado IP repository 'C:/Xilinx/Vivado/2018.3/data/ip'.
update_compile_order -fileset sources_1
launch_simulation
INFO: [Vivado 12-5682] Launching behavioral simulation in 'C:/Users/cmbouba/Mes_projets_pour_le_stage/IP PWM/IP PWM.sim/sim_1/behav/xsim'
INFO: [SIM-utils-51] Simulation object is 'sim_1'
INFO: [SIM-utils-54] Inspecting design source files for 'PWM_variable_tb' in fileset 'sim_1'...
INFO: [USF-XSim-97] Finding global include files...
INFO: [USF-XSim-98] Fetching design files from 'sim_1'...
INFO: [USF-XSim-2] XSim::Compile design
INFO: [USF-XSim-61] Executing 'COMPILE and ANALYZE' step in 'C:/Users/cmbouba/Mes_projets_pour_le_stage/IP PWM/IP PWM.sim/sim_1/behav/xsim'
"xvhdl --incr --relax -prj PWM_variable_tb_vhdl.prj"
INFO: [USF-XSim-69] 'compile' step finished in '1' seconds
INFO: [USF-XSim-3] XSim::Elaborate design
INFO: [USF-XSim-61] Executing 'ELABORATE' step in 'C:/Users/cmbouba/Mes_projets_pour_le_stage/IP PWM/IP PWM.sim/sim_1/behav/xsim'
Vivado Simulator 2018.3
Copyright 1986-1999, 2001-2018 Xilinx, Inc. All Rights Reserved.
Running: C:/Xilinx/Vivado/2018.3/bin/unwrapped/win64.o/xelab.exe -wto 734aeebd04ea4eacb0b8e77ef963d41b --incr --debug typical --relax --mt 2 -L xil_defaultlib -L secureip --snapshot PWM_variable_tb_behav xil_defaultlib.PWM_variable_tb -log elaborate.log 
Using 2 slave threads.
Starting static elaboration
Completed static elaboration
INFO: [XSIM 43-4323] No Change in HDL. Linking previously generated obj files to create kernel
C:/Xilinx/Vivado/2018.3/tps/mingw/6.2.0/win64.o/nt/bin/../lib/gcc/x86_64-w64-mingw32/6.2.0/../../../../x86_64-w64-mingw32/bin/ld.exe: cannot open output file xsim.dir/PWM_variable_tb_behav/xsimk.exe: Permission denied
collect2.exe: error: ld returned 1 exit status
INFO: [USF-XSim-69] 'elaborate' step finished in '2' seconds
ERROR: [USF-XSim-62] 'elaborate' step failed with error(s) while executing 'C:/Users/cmbouba/Mes_projets_pour_le_stage/IP PWM/IP PWM.sim/sim_1/behav/xsim/elaborate.bat' script. Please check that the file has the correct 'read/write/execute' permissions and the Tcl console output for any other possible errors or warnings.
ERROR: [Vivado 12-4473] Detected error while running simulation. Please correct the issue and retry this operation.
ERROR: [Common 17-39] 'launch_simulation' failed due to earlier errors.
exit
INFO: [Common 17-206] Exiting Vivado at Fri Mar  6 16:55:21 2026...
